[RUN #0 10 1]
8 -33 396 812 30 221 371 -702 -11 -565
[RUN #1 10 10]
-912 -121 122 487 -370 -873 -598 -830 348 -545
261 716 829 -463 -216 -102 501 158 -284 993
-110 -981 -338 -302 -350 361 100 55 -186 631
-838 868 -4 485 -3 608 -624 -135 575 -531
-676 -964 512 67 964 -904 -646 -506 -711 461
129 179 -891 53 -371 -376 951 993 278 594
-553 -440 917 978 -656 701 407 -808 416 -837
490 -250 552 -138 448 480 -421 -811 393 -344
-729 7 349 571 -176 -118 -89 622 -939 -48
-46 308 792 3 -791 -281 219 228 982 714
[RUN #2 6 10]
-457 680 590 -378 905 -679
-657 734 134 -644 -525 -22
-162 -24 -712 -906 -251 905
928 -621 7 670 652 -252
498 407 -728 -43 57 -117
975 859 -169 -520 -966 -106
153 462 -236 789 -141 -126
421 23 -198 631 -119 -230
-362 830 740 160 502 991
145 722 -413 -86 -689 -753
[RUN #3 5 10]
83 -433 -851 782 -462
-372 -259 770 74 -725
221 -761 923 620 552
-485 95 -443 496 964
756 -135 -604 -684 552
-383 -269 114 688 -642
-781 926 -992 889 -945
-57 561 -295 293 163
398 979 763 219 -816
465 -918 68 -478 341
[RUN #4 100 10]
-863 -772 -697 -107 540 929 741 -988 -536 670 -588 452 -235 472 412 451 -611 414 946 -276 401 -238 495 -556 877 493 -23 -743 831 -846 198 -511 -721 294 -60 -257 290 -915 -245 965 18 -63 -35 -334 -64 260 204 905 142 -655 978 -474 840 -807 -102 -500 252 -930 -124 -504 -71 -325 509 -995 -203 -173 -666 -129 -358 588 -196 31 199 -496 334 -110 -878 -718 -101 -841 186 786 246 659 -980 -72 -858 -420 307 643 230 -408 747 623 473 -213 677 301 188 -961
-223 3 406 -339 422 623 932 102 435 733 -785 -570 517 328 340 -85 -333 -576 698 -952 971 36 -597 -134 -493 661 418 804 -663 979 -985 175 -814 879 -419 -828 995 -606 628 -554 48 891 842 -905 -72 819 314 535 -614 319 163 -490 917 690 772 377 115 -836 -573 -666 -420 -565 318 878 173 199 924 822 -987 -900 678 327 481 904 903 -294 286 -349 70 -106 -821 -528 655 -241 -153 -547 366 -908 747 771 -172 -655 351 488 -310 -107 -443 -967 -765 958
-482 281 -296 410 762 135 902 -388 452 -796 -823 -459 -615 686 -734 766 -330 426 169 -731 -480 111 -271 266 29 289 -775 436 290 -736 -107 265 -577 -394 -159 662 650 -7 -35 143 602 924 23 704 -62 -136 -573 -50 -813 -679 490 989 21 -834 670 -505 -926 386 285 -357 883 919 909 506 894 641 53 -485 -194 434 608 492 -887 828 -390 395 379 -208 165 582 -919 595 -697 -794 -693 -156 -820 -318 -737 557 -656 -804 83 -685 -506 -85 -831 12 607 491
108 -153 994 -270 13 -499 -287 411 171 -970 -199 829 976 -479 -985 -453 641 200 -341 355 23 -84 -521 285 681 -580 -58 566 177 -258 399 443 -849 323 -745 686 -909 -573 -157 919 -759 308 808 843 -450 -85 -595 -275 615 601 635 -908 800 776 14 -838 -952 325 -44 -902 870 -35 -313 596 390 -613 565 642 -662 -43 -442 64 -614 -433 889 11 327 -934 867 -151 221 -650 -16 -423 -771 -523 60 813 -99 402 958 52 964 82 -880 434 356 949 -776 844
204 785 -880 49 -475 74 338 -264 604 -675 288 191 769 593 -232 -251 909 637 -571 525 -546 816 -57 882 -459 736 -263 -240 -693 250 -227 550 477 994 516 -117 -860 -438 -648 -830 509 591 636 -55 -855 888 192 606 -938 -111 456 -943 -252 110 -625 -834 398 -527 944 0 84 -607 183 -559 -188 -415 -152 280 569 86 -802 53 -43 510 -742 -406 609 -659 -997 -859 128 -601 -350 -638 -841 546 -769 -298 570 -612 -618 -393 853 -327 133 -621 927 757 258 788
668 363 666 588 7 -491 -980 -470 -563 -829 -884 515 129 -585 689 304 -169 111 806 -808 -200 -575 -44 462 -308 912 -577 -327 784 -452 78 207 973 406 -325 678 -35 573 752 662 -346 430 552 252 715 -300 144 341 -154 -646 -966 -94 -941 -664 -653 495 -67 460 -282 308 -947 701 -277 383 399 -382 -813 -993 196 130 -74 763 392 506 -54 -156 667 -608 760 386 -489 -114 -710 -208 433 -826 -915 173 -307 -500 -924 -524 228 256 452 478 25 -624 728 -887
-172 -557 -662 -418 -786 -38 858 -558 -81 -156 991 -406 -83 -480 479 -135 157 893 62 505 484 203 426 -352 917 -360 123 -724 -689 267 -300 -152 -234 919 -620 -672 15 995 116 -208 522 644 -119 451 -313 -986 -539 423 -158 -358 -225 -988 684 -41 -137 442 656 -359 -591 -561 -213 261 564 947 -795 799 -626 568 -691 835 -989 301 -200 -972 -113 312 518 -538 -738 -943 -542 -50 -753 -627 665 279 -378 666 546 -472 808 -258 -732 -96 -212 -748 164 -342 333 -219
714 -542 -708 -298 697 408 -780 487 -233 -936 518 462 756 -225 575 -285 -103 -929 -991 899 -12 -752 -853 612 608 -644 -462 -771 598 -331 344 481 -886 166 227 -36 -7 217 903 -778 -783 -133 893 -797 944 -651 -788 -879 419 -82 683 -174 647 -805 54 282 258 371 940 331 325 666 51 851 -438 736 -244 -60 -786 240 945 -508 -749 428 -791 -441 551 682 -972 -748 684 265 -643 763 972 -247 966 757 42 960 483 -557 -164 -162 411 -234 466 482 730 550
514 -476 -419 125 324 -308 406 -345 768 -304 440 -186 438 -430 -164 987 594 145 -399 931 -411 919 398 29 950 -325 346 13 516 914 -251 580 -665 122 -495 -990 -339 -921 -87 561 570 422 397 114 595 519 401 -462 -459 604 622 -827 625 -225 -848 -846 -57 -234 353 318 662 986 960 12 -313 -674 -913 907 -872 -944 -65 -520 -20 774 888 975 -794 -385 116 -205 839 -893 -743 -522 -413 -188 56 -546 378 -996 -845 -746 841 33 504 -443 856 -924 -683 269
910 375 238 -247 -175 993 -463 791 735 -275 433 585 -314 -512 254 319 -789 552 526 365 908 301 -145 -747 -900 439 -310 432 -102 237 -551 -370 697 595 -750 -748 652 -61 -417 -14 118 261 642 688 882 711 -594 617 -616 273 272 487 -2 -429 413 515 -311 -874 -400 -821 852 -519 154 259 -794 -262 730 57 -822 -782 -923 -752 -725 -62 -208 470 -75 594 -841 804 -878 895 913 -91 467 -648 52 -254 56 899 -610 -362 914 772 -498 276 -508 690 611 -82
[RUN #5 200 10]
-980 -381 840 -277 -612 -310 797 92 -129 -555 -91 -817 320 451 632 -117 591 -698 -206 -547 -702 -458 793 -93 445 -676 407 121 -325 -794 89 -273 704 623 788 -920 664 570 779 -615 -765 -382 -870 -959 -793 -506 -527 -905 -15 -251 -99 527 452 681 -775 688 -801 406 398 -593 973 -935 -517 100 695 -135 415 -585 311 878 27 -680 217 558 126 -101 -597 195 -82 -535 324 901 -883 809 317 -196 -420 -224 -848 96 616 906 -926 150 322 -439 762 -724 -107 615 988 211 -363 851 114 -320 220 -518 131 -946 -909 348 403 964 -605 -279 929 264 130 -254 399 -95 602 -983 -874 836 -361 -530 625 787 -699 151 88 -984 -349 449 -504 -278 735 666 -565 490 -599 -266 -70 780 147 -20 -691 68 -262 367 -288 784 -232 835 -733 386 -9 273 -188 -220 -223 477 -397 179 -786 -901 519 424 559 -604 937 731 362 -265 -354 185 994 310 48 -318 974 -681 970 -316 -170 -881 -404 742 98 895 -434 -659 886 -351 -690 924 -575 700
769 919 620 -776 -515 789 182 956 -533 -377 -158 423 -660 -715 723 541 -796 922 95 -32 -933 477 -454 -944 917 -300 -318 -517 -121 238 -276 -549 -97 -228 442 -628 -34 -415 -546 219 630 -244 -604 0 43 -238 642 -854 -357 -201 546 34 992 353 -886 815 133 76 -359 -795 673 262 -188 -291 -992 86 813 676 -21 -108 -816 16 818 -261 29 -250 601 64 -346 -237 -82 177 142 965 -613 -410 434 -754 158 -936 346 180 938 -170 -404 999 725 -524 634 399 -569 354 -2 -995 244 464 79 -982 -673 -471 -696 697 533 -663 -231 -163 -213 234 344 -398 202 20 -941 652 891 719 -745 -308 -484 889 134 483 -270 402 -501 3 -185 -784 -470 -385 905 -651 621 -283 -654 860 -482 -964 375 -94 649 318 628 247 918 950 305 910 800 163 696 -938 931 92 -556 -737 104 232 -896 -278 691 619 -557 515 181 430 -704 -610 -440 -961 706 106 921 60 -161 490 -624 -740 -83 -991 -815 -110 574 193 806 971 688 -88 733 -785
893 969 76 -760 174 -200 514 -928 -603 689 455 968 -568 -832 -393 -733 -184 457 -880 973 460 519 507 -800 38 -803 760 -662 57 468 -629 -193 200 14 -428 431 438 -223 -695 13 138 -30 115 121 834 -555 -189 552 -69 -330 -820 525 -523 58 -16 -63 -183 -815 585 -731 -198 778 426 -242 19 337 -902 -28 -730 258 -216 -417 274 371 159 739 47 -373 -640 924 781 -192 189 -340 658 -851 -93 -55 -565 -367 270 -240 625 193 39 -156 -816 -673 -578 -49 135 496 938 425 393 536 -300 111 879 -135 243 -694 -517 -437 -1 740 780 998 -283 -953 -159 -756 754 -805 -264 748 -133 440 437 156 -894 -622 -802 798 -751 843 -375 315 -458 -577 -948 -647 -620 837 -551 332 792 -729 -151 936 627 -566 -287 -998 -464 644 -202 -48 -779 -939 283 9 -372 -344 409 783 486 -855 383 306 -81 -281 403 860 589 539 242 -807 994 -289 3 -914 844 962 -726 381 -197 -764 -51 -274 -497 -644 -955 63 307 657 923 787 31 410
-65 -281 -917 -185 -799 989 684 444 -992 -520 169 -633 -241 -139 -638 846 -367 143 261 902 -238 411 944 -936 147 -203 439 269 -317 -760 845 721 75 374 -564 -645 -996 379 400 -527 -550 204 368 -32 968 -628 947 737 662 773 234 -595 -214 80 545 -230 752 57 769 -949 -14 574 -535 -24 -100 897 -303 -730 782 386 313 639 812 -187 112 -664 -244 950 -467 160 -894 -276 375 447 37 821 -373 806 -110 460 174 493 678 -9 -260 389 -6 -52 -904 450 -976 -515 305 -4 -488 -843 -121 344 477 256 -685 557 958 -859 -194 703 381 -219 6 128 691 -364 480 -127 934 -206 -761 603 100 -164 809 -767 -389 387 626 -59 -179 -436 -700 976 -386 992 225 926 -773 32 -161 -25 746 289 390 991 63 146 -777 144 674 -349 942 -960 755 948 891 -706 -921 632 29 -896 -112 832 45 -831 -737 516 -273 -673 -964 -180 -680 162 358 -841 -516 142 -661 -989 384 -233 -870 -189 967 465 894 -641 -82 -197 -376 -526 -387 -177
453 73 -354 -978 -96 312 -156 523 137 100 15 767 654 -892 -672 -159 -475 172 504 993 131 -928 627 719 -50 308 479 660 119 30 -894 121 -850 328 701 -460 951 -983 -536 817 421 889 -919 -660 160 -659 -997 895 -973 841 -368 -606 -102 -904 -39 -903 228 710 965 677 -152 -638 -681 -891 554 -146 -329 -571 936 -52 -450 -687 -361 284 455 -21 -371 -761 18 -642 925 981 -762 -658 577 -485 494 -577 798 -663 -65 -947 -764 299 -703 747 390 -55 336 -192 -97 -221 -913 -321 124 665 -139 285 150 835 55 812 -493 678 886 676 -184 24 -775 460 -781 206 -590 -558 883 319 -364 449 -345 911 -290 -54 804 -877 304 973 483 -109 -521 641 -796 -758 -18 -514 914 -914 -306 21 478 248 -337 -343 -711 690 -656 -924 -774 -998 -164 243 82 376 -366 -815 224 542 -488 116 233 891 842 -76 929 102 -304 458 -963 -151 -738 -395 72 585 -484 53 -355 -630 424 -222 -1000 823 -531 855 -819 -175 16 -661 -106 -944 438 168
-594 850 -755 125 -981 328 732 361 -404 -555 611 -612 -990 -51 262 -458 -971 -663 -218 404 91 514 166 -667 809 334 -723 669 824 604 -819 383 -782 -344 -118 921 -286 -822 701 -26 -837 -108 286 545 -791 -595 721 749 960 891 -892 -858 549 -758 154 41 -600 -979 -803 972 -182 504 -982 -236 895 -767 285 -857 128 115 87 -320 912 -77 -383 457 -548 330 352 -158 767 146 24 816 -935 -47 526 -368 -942 -498 -567 -110 585 -586 -90 929 -465 -903 843 249 214 -844 -367 886 -87 397 -188 662 852 155 -41 -287 -326 -224 -965 -949 -883 482 -592 338 -503 336 -249 -997 -480 64 -198 -8 465 -838 136 -955 -542 536 -602 -556 -574 -916 -796 130 -984 726 78 -711 -199 275 321 719 -575 332 413 -701 623 -450 421 274 233 507 297 165 -405 -245 530 531 -160 -774 256 614 925 -127 438 -432 883 -818 -309 -93 283 391 953 172 42 -793 -968 798 -673 -597 -614 -282 51 915 -698 -61 176 757 831 -961 -865 -414 -430 608
67 821 771 -578 163 -572 -236 779 609 747 654 -903 446 -546 481 586 -507 715 -639 364 499 645 456 995 528 -793 52 156 658 -29 -624 438 426 -723 251 -168 -968 489 -106 829 -235 -383 371 -776 393 -899 -420 640 -189 915 -408 444 -719 -986 997 -707 268 -252 664 767 523 882 -638 188 10 47 -335 643 250 -170 985 -69 285 680 743 -409 275 -714 -754 -858 176 -92 -404 911 -999 822 828 -920 -59 -950 675 545 249 -473 -647 -750 -378 494 -797 88 -769 -389 848 971 521 -610 -191 -729 832 -908 -193 -923 -330 -952 -306 -266 258 500 -353 755 701 803 305 116 -343 -205 459 -169 -627 759 793 106 957 563 892 -308 807 -72 700 -537 -243 44 -220 -128 -817 614 227 -249 -529 -616 -94 902 -803 768 -905 952 784 168 -592 -179 297 -213 216 450 314 391 313 -412 573 -486 -672 357 709 139 -712 -969 -350 -813 -210 131 -99 532 -395 174 217 76 -148 -972 637 862 622 -406 746 775 -394 789 289 -701 461 430
271 -440 602 791 -260 -135 -656 896 438 116 229 879 -240 757 -881 265 -373 -215 816 478 -32 -71 -126 -871 -470 -796 331 -619 -495 955 765 119 406 -316 523 468 -449 246 87 493 729 474 -830 -923 -718 822 17 775 280 293 -702 966 799 756 519 -80 414 -149 -542 317 -845 62 320 -329 901 357 -319 -482 -296 507 149 178 -969 -455 318 71 790 508 -456 937 -447 -416 96 592 -116 91 -306 26 81 654 -623 -491 -899 -870 -544 245 904 458 -37 502 66 903 618 -357 918 398 390 546 113 204 -40 175 -894 145 -500 476 -436 622 -504 -546 -292 -756 453 -980 -396 -934 713 434 233 -105 -548 -359 771 279 141 -62 -404 505 957 -454 882 910 -163 623 572 590 677 -352 -144 -657 941 -649 -278 261 503 998 840 -774 -429 -378 999 397 -28 97 -47 857 165 -821 984 146 -596 -360 407 -539 759 581 -113 -933 -910 384 -666 -388 29 -412 123 377 -434 -595 -867 -949 375 289 137 19 -431 35 -231 -432 418 452
75 573 611 -177 -160 992 -278 286 -987 -329 -483 399 77 -967 971 122 -740 -696 510 -803 -206 -717 713 950 -276 -121 -727 472 778 -835 -518 4 374 -217 -272 -642 -688 -937 -165 512 745 815 -945 252 321 -153 -236 -175 -866 942 235 -23 -111 96 464 787 843 301 -345 -336 -313 -534 -972 598 152 -81 958 -107 642 -931 -474 -524 271 678 -539 701 113 103 -127 -493 -47 -632 697 -132 -415 280 135 985 91 -376 -43 -458 -988 -738 -466 844 944 -843 85 -916 -355 154 -396 148 -881 -842 -286 352 382 330 -115 -72 668 146 -683 605 -924 -478 -991 112 -984 -310 781 -516 863 -386 94 541 179 854 338 -877 86 264 540 -631 551 -807 388 441 -496 542 243 -62 424 -589 -331 870 341 -999 -658 -900 -129 -824 471 666 731 -502 -576 245 883 -781 734 466 744 444 -678 344 550 -411 -215 507 11 -528 -901 185 176 -917 592 -392 523 -829 -388 793 369 -381 465 544 -704 -563 -18 906 814 581 -519 -391 560 811 -598 -461
-620 971 -200 642 327 -983 984 -238 -341 72 73 -92 -664 -495 -954 -963 503 26 -565 537 629 -44 323 10 -152 -903 155 322 334 897 388 262 -628 -780 694 -667 269 -638 -613 881 -713 599 -477 -494 -845 -85 -338 14 44 545 648 766 -890 -570 89 -439 -930 -935 -958 411 557 725 393 -591 553 -283 79 -16 330 499 -633 856 -359 -402 146 -666 779 347 22 224 286 -172 431 821 387 450 -135 278 -639 -57 53 -327 336 -787 -259 -870 296 -188 529 769 -239 189 157 995 586 -282 745 -496 720 -164 635 -604 -56 216 268 -450 -965 180 -616 187 447 604 -334 -624 -414 -555 302 -709 168 -775 182 -254 -74 17 -708 -132 811 434 272 -39 -757 -490 462 -909 -7 -411 994 -143 736 251 927 486 -33 -69 -577 -978 -409 -105 -998 979 159 -404 -295 313 611 915 -841 377 288 -897 -355 -906 607 818 505 -362 395 565 690 791 -515 320 -668 -773 798 -141 147 -737 -698 -32 773 759 661 -813 924 -99 -944 -972 38 -564
[RUN #6 200 10]
529 516 -618 735 -37 896 440 228 365 -338 420 -243 196 -303 -595 270 410 -660 -405 -671 -896 -469 850 827 -620 207 851 394 -433 -964 366 558 -1 -115 412 -87 594 -342 -622 -633 596 506 306 778 -888 536 844 370 -835 -559 198 604 -138 422 -606 -64 401 759 -666 -746 511 75 -11 951 -418 -693 189 492 371 49 416 302 534 977 -22 -873 322 841 -530 192 -499 -229 -375 -189 34 788 -657 -816 669 234 -132 767 -757 -204 -253 -561 -980 -828 762 716 974 -598 175 733 985 -752 -810 -274 954 -368 197 42 -358 -742 71 -955 -116 899 -815 -248 -774 38 537 -855 -141 -812 -719 406 668 694 -931 152 671 -899 369 -724 500 -986 641 -325 -24 -920 -95 -853 290 777 -949 911 584 -929 -820 532 525 90 -557 -805 -679 -242 -588 -817 942 509 -256 257 938 -893 215 663 927 -153 929 -694 446 -534 477 633 906 -926 -17 -85 -317 -460 -759 106 399 -726 308 -885 -107 -452 -471 -979 434 443 -268 -172 -62 682 345 -104
-706 882 -162 315 946 829 63 79 -278 -736 -761 -199 -597 -332 -288 -379 -141 -143 -514 812 -721 -146 -19 -14 215 -560 -740 421 -557 -866 -978 989 782 -35 698 -307 20 -214 -699 -301 -26 -657 -78 830 -267 507 791 -636 -570 -331 -955 121 -756 860 -305 678 -449 452 -244 159 515 -625 76 333 432 -90 270 140 -240 74 464 -805 -516 -916 -304 -66 167 505 -149 345 558 216 -938 471 865 169 316 -508 880 -601 195 -734 767 356 -606 104 233 -409 917 -607 814 330 -984 907 964 -833 -365 57 708 -512 685 98 472 -113 -450 41 190 -144 120 -319 481 530 732 -742 671 179 -885 -131 916 67 187 996 -966 943 -875 90 -722 -47 -13 -225 -222 -534 106 -760 -344 377 -850 663 -853 324 -2 -832 -735 -684 686 -559 -349 -822 -190 806 -982 -414 -924 871 525 -317 -663 -417 -315 134 218 -521 605 587 100 -502 704 -283 -291 -704 730 -991 798 595 877 -629 -909 444 -540 -236 -826 -889 842 820 113 349 458 399 929 -81
51 -218 -133 -291 -111 -292 774 231 172 -175 -629 613 562 -846 -270 -392 -749 -8 228 -791 965 162 326 -96 249 -790 171 -15 -269 759 -118 642 378 -469 -594 692 978 79 -639 -889 573 -611 305 517 923 853 324 -670 -769 752 -90 -342 512 898 607 -905 160 879 935 -616 112 675 34 511 -256 -562 902 -135 -205 998 308 924 893 -665 -761 -293 -142 554 -891 -401 -298 183 -147 135 12 389 -30 -177 150 -617 725 -930 763 -836 309 586 581 -933 -81 186 -643 -399 504 313 656 -697 441 243 994 461 -874 -294 -807 -463 860 -561 61 505 -763 646 -592 -569 -887 -495 621 -94 -125 104 -551 522 658 383 568 492 722 -231 379 829 196 -333 956 -804 413 -149 709 947 767 683 185 766 -246 -61 -829 -715 993 715 -554 787 3 154 521 -557 -239 -525 -981 130 667 -706 -207 -240 431 -740 62 -742 122 175 -529 -226 945 -308 751 -580 904 942 -416 702 817 900 -711 4 688 -770 -880 285 -365 -819 -244 -432 -424 684
327 -159 -336 -654 -13 -242 627 482 787 833 -657 60 -76 -201 -821 -846 -496 -738 -188 -850 -920 346 116 896 -450 -373 -239 980 682 -639 -996 -623 -608 -495 408 -552 679 325 524 -712 -401 -307 161 335 -471 -249 129 772 141 570 -411 780 -465 -514 364 -432 -403 43 989 533 182 237 544 752 958 921 381 -983 934 771 492 412 -202 145 -104 -586 788 977 974 -61 768 -441 26 349 480 672 -139 554 582 303 121 224 -685 -897 -883 -542 999 139 571 -985 400 -51 320 136 117 628 655 -946 -919 799 988 888 588 246 -762 -610 -592 802 387 -679 937 645 729 -149 95 179 691 -761 481 -938 733 275 622 -50 -374 -658 -587 -125 134 -23 339 -836 -248 522 -981 -810 -212 277 52 -913 47 -535 -94 881 426 -509 -439 -741 147 -681 -208 150 971 403 -727 6 -81 -453 715 -540 854 436 -992 798 751 -250 -164 -994 -969 -609 -873 -297 399 -66 441 -687 843 242 -531 -755 448 70 559 -107 667 -4 -348 -234 333 -405
-580 -297 -394 787 -514 457 96 877 234 -15 627 464 610 -538 -915 693 645 894 898 845 -150 -851 379 -757 -990 -628 -421 809 859 -850 931 -343 -346 445 -953 566 -826 208 -253 36 -796 970 -406 -997 -569 -124 962 197 -484 853 427 114 -573 723 584 429 656 -944 929 -2 -525 -250 110 866 764 -834 528 -117 941 -753 434 -907 -659 373 -8 594 -251 193 -398 -325 -956 725 -579 -634 -954 -306 -902 -511 -32 300 125 16 562 -187 555 766 -516 -115 523 865 418 127 823 -735 -584 -177 -897 348 816 120 761 -430 -333 -871 640 -879 -895 -328 -163 -543 779 -620 -468 -838 -669 -732 378 984 97 315 151 882 195 -996 222 -145 8 438 -248 28 -933 143 -6 -943 263 -213 -945 -770 -165 -806 333 900 943 510 -521 -817 -471 -585 597 721 -308 404 -176 -368 -491 989 -242 -247 -313 -818 41 87 466 -783 -729 -323 667 813 -262 296 825 389 -999 -561 -298 -31 -88 -219 -371 920 -747 620 -490 55 265 -807 808 -829 848 -121
-840 789 262 793 406 598 -858 -428 -1000 241 959 -884 535 915 688 634 -924 -413 -330 63 -232 464 232 -239 471 -530 922 421 -527 -665 -777 206 555 584 -400 143 906 212 -387 857 637 457 -71 446 652 312 -580 -538 -671 596 -226 172 -901 -156 925 -67 117 -830 431 466 -866 423 -877 741 936 -143 -152 245 391 -690 -821 -370 -666 -359 566 -611 -978 -546 -53 744 655 -659 -363 -607 -9 -977 413 318 191 44 -541 -723 382 -215 -536 -196 -181 -510 340 65 837 -176 769 12 -768 -995 -514 -913 -781 850 -412 733 438 858 -532 -237 -129 -889 140 907 721 -48 -17 182 589 -108 360 768 678 -167 -735 -421 -14 975 -216 542 -316 847 594 409 195 208 -917 -408 -86 -914 -206 -377 988 962 565 15 -846 956 -179 -278 445 41 248 526 -742 -219 623 -98 146 807 -46 70 841 914 220 986 748 369 -407 845 231 -431 939 -581 740 -406 949 954 489 -388 -606 30 -96 -733 -871 1 -227 -404 -859 379 377 632 106 -403
910 193 -511 669 -337 -66 475 210 564 413 -532 869 83 -802 589 715 -138 -370 -431 847 159 -351 -504 593 264 872 -137 388 -809 -104 779 -688 -384 -662 435 -975 -741 817 -372 -672 358 -733 659 374 -36 -650 534 633 747 354 -485 982 -667 321 -631 289 -537 -374 41 -444 -89 462 63 585 724 761 -275 532 586 -981 996 -234 -443 -968 173 503 -821 -188 207 908 -569 875 166 937 692 -856 -157 -577 -439 870 -898 -230 -758 -462 764 -398 789 -519 -73 -147 -325 641 -595 980 704 808 -851 -300 366 96 293 -328 803 -915 -62 -479 29 -864 21 538 617 -693 -563 84 879 -14 -466 -251 -181 -316 -145 683 382 850 539 -61 -360 -127 -323 -987 -892 -638 888 -460 307 99 -22 723 -680 -159 -786 787 -287 721 -625 -293 -345 572 -883 157 -340 220 -692 -248 -429 107 536 -387 257 647 -838 134 693 249 -117 -717 208 150 231 370 578 427 614 613 -958 418 -1 846 -166 -449 -53 -468 180 443 -311 750 939 -955 -600 442
-868 -613 777 -546 -467 232 733 -165 -53 97 387 35 713 287 754 499 668 -472 -357 482 -837 969 -333 -993 543 987 -431 -822 928 -567 -360 -886 189 707 333 976 -520 608 818 -168 -483 727 -322 221 533 770 343 -869 209 95 -800 303 -16 644 945 -949 198 896 -392 539 -243 -30 34 -150 617 -484 64 281 936 -370 16 208 393 77 -576 675 747 15 -607 -646 -485 409 869 -164 262 -644 796 -976 -239 -117 494 28 -306 593 -678 703 31 -984 806 -391 255 -261 113 364 -604 532 -395 206 244 -956 470 -491 179 632 912 -937 -468 -352 -584 63 -34 888 -809 -182 966 -910 -127 689 -373 21 -217 550 -471 155 658 374 -566 24 -191 -674 -111 174 -320 -835 -506 -394 768 -276 -77 -480 -400 495 589 609 910 915 -130 -215 -938 884 -890 919 -500 978 -525 -84 -790 800 655 240 834 588 300 -122 687 -696 -794 516 -89 651 -48 -625 -918 -744 710 -946 -102 575 238 -865 114 349 -883 -137 -759 -277 159 -478 -878 621
640 393 258 430 524 -43 -507 268 -634 814 661 -370 247 -328 -732 511 745 -235 -179 -961 719 -863 -922 780 -240 -466 219 -707 -205 470 -375 -877 -218 861 -48 -574 -832 -915 433 -759 134 19 909 -71 741 -125 -619 -758 -372 426 526 -49 -250 954 898 30 971 951 -696 -965 396 346 732 -294 -712 539 759 -891 128 452 -26 593 -206 191 36 838 121 162 133 421 314 -615 -681 679 -10 -594 998 439 660 -398 322 993 -144 -702 974 525 -799 -109 356 822 83 973 -37 -796 -114 -188 630 -393 -32 -721 -605 459 -478 -363 -318 271 -429 -315 289 549 -143 871 -886 338 -728 -241 -636 533 -661 37 810 488 598 231 757 -539 591 -878 504 667 -530 977 -137 916 383 -495 299 -351 -164 798 303 400 -825 -609 54 -783 -291 -132 197 117 118 34 157 921 184 978 493 -28 104 489 358 363 71 -510 -674 -691 -95 989 -282 461 -39 -437 -990 -738 -30 795 -254 -362 813 138 -288 -669 -862 -152 656 839 35 -659 -982 -41
-528 767 222 -844 -341 562 -440 -22 -984 491 -809 -713 658 247 -42 -31 -838 -976 -699 711 -190 -949 -287 -737 226 0 -65 625 -542 866 -999 -338 888 -712 -572 576 -665 191 48 -476 929 165 518 -869 -989 -637 -346 509 -852 -823 754 740 -156 -379 772 -316 35 -471 -945 -349 46 83 986 109 -964 -605 -469 -736 798 -56 660 720 478 340 -602 -413 -632 -550 -460 -563 -594 874 400 -217 -434 93 -128 751 -36 -531 146 -337 -684 293 -136 799 -603 -97 -663 167 411 218 839 894 132 -613 -555 -677 -671 -13 -978 500 407 642 149 939 964 111 -350 416 982 -755 -453 22 -754 900 376 6 499 -145 -238 984 -181 -253 674 -501 -612 704 -411 -913 -277 969 750 -60 -704 -579 -641 401 184 301 307 77 -499 448 -888 -298 584 -960 54 -891 244 -457 -361 -793 18 231 902 -312 287 967 487 811 -141 250 -301 -577 -843 -231 -189 121 519 792 -653 -124 690 360 415 965 639 -583 -582 -39 673 381 616 455 -872 -875 -239 -884
[RUN #7 20 10]
115 -920 97 362 -711 110 555 389 -416 -48 251 34 -639 483 -579 516 284 -965 -524 -799
-924 924 650 -294 112 -964 227 -625 -173 790 -201 -292 -724 190 326 -486 -484 -513 -859 -331
619 739 -681 457 927 725 793 -423 279 684 -646 162 744 -835 309 558 224 -106 -450 392
278 -836 225 743 694 -98 210 -437 -39 -922 389 693 -430 83 -882 801 508 -978 -760 -322
-351 814 -269 -125 -344 -973 -147 -437 569 880 -91 -240 -957 -505 782 -553 -81 735 314 -184
509 696 319 680 -560 -968 -181 -167 360 168 -80 538 -721 -229 890 -935 -267 -841 -594 -976
705 -526 -206 978 224 -710 -13 -29 727 182 -698 -634 -956 777 848 -967 -508 -953 23 21
113 854 419 753 -503 351 -428 160 990 -30 -788 -884 254 403 45 688 -500 -44 863 -711
666 906 -781 -650 -222 -594 -452 -630 789 -114 -600 8 -328 788 -39 404 794 -418 -902 305
-525 -570 873 897 -886 -583 -389 466 -906 -184 625 351 120 -514 631 751 -780 -106 37 -623
[RUN #8 60 10]
-718 718 -5 821 183 922 -447 -749 23 597 -992 -847 -794 391 -328 73 -316 4 460 759 -404 -123 511 -336 966 481 -649 227 457 -940 100 -122 -896 255 -419 -961 796 -541 -793 -506 -262 -768 -494 -899 632 448 417 -40 906 453 639 -655 868 -824 974 -881 -177 -248 -249 -112
873 750 828 163 -472 510 32 -697 -897 -805 -925 833 437 -639 -393 -491 -799 -558 625 118 132 -742 9 495 695 -631 647 -342 -302 -611 -696 -372 -774 747 686 -913 -600 -267 169 896 322 -780 426 -24 187 79 765 -923 -827 -996 497 -745 703 -580 203 962 -330 -659 -714 -755
290 -124 498 234 947 -646 -812 -518 773 661 -947 580 127 405 -362 -691 -114 -638 459 -954 -670 536 858 293 259 538 -106 679 -463 84 478 -538 -867 481 -417 959 -583 -204 533 3 638 -941 952 195 -332 -614 307 -94 938 -782 593 167 -920 58 -411 742 712 961 988 524
548 -470 937 -795 -295 332 -141 467 630 695 474 635 -867 -480 -319 -627 376 832 989 294 -471 42 -777 708 41 447 -26 184 58 -440 389 736 -17 152 -218 185 316 -650 -992 770 -671 -85 360 464 -822 576 460 338 765 638 -596 -514 -455 431 824 -104 219 -243 -710 -476
-209 63 -318 318 843 -109 -382 525 -815 131 949 678 926 -410 99 -26 797 -556 -510 -887 449 499 -609 64 -669 -730 801 -918 -716 -174 481 -795 478 -265 968 691 -897 986 -916 -363 -466 471 483 -301 -809 106 562 -664 -984 786 647 -290 -527 430 -30 628 -156 326 -790 -385
558 428 35 -136 597 -320 71 880 -845 -757 380 -466 572 -99 333 -642 -539 -895 -620 939 -188 201 -382 -121 660 617 641 -404 -423 211 -510 927 17 -580 740 -806 -707 419 -724 -917 -497 -113 -411 -70 301 -558 639 -21 121 -173 -116 -657 228 -369 -593 -935 895 -348 506 -608
-996 670 -537 -191 -655 -531 -873 500 -706 718 939 -130 -283 -559 396 -552 -353 221 -71 -304 483 -636 -956 942 -256 679 -235 27 574 906 88 784 74 817 352 -83 237 -64 864 373 979 -305 -834 831 -887 302 548 382 -741 -252 -774 903 980 229 253 674 762 -848 -800 -787
612 -886 738 526 -37 695 576 -199 383 -133 514 -729 349 301 409 -393 781 56 -237 -78 584 -920 -15 733 -56 -258 983 -575 712 -867 -179 -222 72 108 788 -880 -764 -553 -289 186 870 -446 -807 467 -558 836 918 -960 631 34 -774 -148 268 -921 -129 -308 267 674 203 357
-865 783 -139 809 -543 106 -655 545 -849 995 -810 881 -54 700 308 478 -539 957 -904 569 742 -110 -507 80 479 -301 931 953 -342 984 -669 -650 519 -311 422 381 597 -951 441 -122 -343 -405 -938 -471 406 -267 632 -899 -931 192 429 650 -889 -690 -146 -967 164 616 982 21
698 609 153 -482 481 -988 -47 642 566 659 588 58 -764 33 -266 -511 -73 -474 469 -692 487 989 247 -113 695 -185 -229 748 799 314 142 -888 747 -922 46 -740 918 -583 291 750 689 -414 -744 -66 -307 -420 907 165 -153 160 -326 -778 592 -219 -121 -750 948 -299 -363 -243
[RUN #9 6 10]
-230 -137 -771 -280 399 -760
-456 419 -151 -737 559 -38
511 116 -428 -927 -683 -155
538 784 224 -883 578 127
-686 79 -238 200 731 435
-341 -144 935 287 -77 -982
-97 -470 588 978 -351 639
697 490 -991 -701 -144 636
919 810 151 773 104 948
948 695 -33 -456 -206 -688
[RUN #10 5 10]
-366 -114 977 985 893
-123 -337 -470 407 866
-317 -708 527 -434 -675
948 -383 -488 -466 93
-392 -837 365 -928 -520
255 -955 338 873 244
-392 -749 -200 -206 -805
-305 281 306 465 -579
-980 -333 -923 -53 -922
-137 -352 529 -936 -143
[RUN #11 1 10]
-151
220
799
307
917
-857
206
-663
-451
31
[RUN #12 2 10]
-79 6
-692 -149
341 -737
327 -854
-14 -440
439 -731
563 -237
-923 -365
-753 -763
-71 -950
[RUN #13 3 10]
154 304 310
-544 516 -805
-983 283 694
-61 755 459
959 425 -94
-353 236 159
-395 -526 -555
722 -249 -543
551 181 310
187 -687 -382
